<?xml version="1.0" encoding="UTF-8"?>
<!-- Generated by org.testng.reporters.JUnitXMLReporter -->
<testsuite hostname="LAPTOP-I6ANSG6L" name="Test" tests="1" failures="1" timestamp="28 Feb 2021 12:31:21 GMT" time="14.635" errors="0">
  <testcase name="feature" time="13.475" classname="runners.LoginTest">
    <failure type="cucumber.runtime.CucumberException" message="org.openqa.selenium.SessionNotCreatedException: session not created: This version of ChromeDriver only supports Chrome version 89
Current browser version is 88.0.4324.190 with binary path C:\Program Files (x86)\Google\Chrome\Application\chrome.exe
Build info: version: &amp;apos;3.8.1&amp;apos;, revision: &amp;apos;6e95a6684b&amp;apos;, time: &amp;apos;2017-12-01T18:33:54.468Z&amp;apos;
System info: host: &amp;apos;LAPTOP-I6ANSG6L&amp;apos;, ip: &amp;apos;192.168.42.41&amp;apos;, os.name: &amp;apos;Windows 10&amp;apos;, os.arch: &amp;apos;amd64&amp;apos;, os.version: &amp;apos;10.0&amp;apos;, java.version: &amp;apos;1.8.0_131&amp;apos;
Driver info: driver.version: SeleniumDriver
remote stacktrace: Backtrace:
	Ordinal0 [0x00FFE7D3+124883]
	Ordinal0 [0x00FFE7B1+124849]
	GetHandleVerifier [0x01248688+193832]
	GetHandleVerifier [0x01263AC5+305509]
	GetHandleVerifier [0x0126021B+291003]
	GetHandleVerifier [0x0125E0AC+282444]
	GetHandleVerifier [0x01284A90+440624]
	GetHandleVerifier [0x012847FC+439964]
	GetHandleVerifier [0x0128154B+426987]
	GetHandleVerifier [0x01264FFD+310941]
	GetHandleVerifier [0x01265D8E+314414]
	GetHandleVerifier [0x01265D19+314297]
	GetHandleVerifier [0x013231EC+1089676]
	GetHandleVerifier [0x013217C9+1082985]
	GetHandleVerifier [0x013213A3+1081923]
	GetHandleVerifier [0x0141D9FD+2115741]
	Ordinal0 [0x0114B82E+1488942]
	Ordinal0 [0x010E5A7D+1071741]
	Ordinal0 [0x010E559B+1070491]
	Ordinal0 [0x010E54B1+1070257]
	Ordinal0 [0x0111FF53+1310547]
	BaseThreadInitThunk [0x76346359+25]
	RtlGetAppContainerNamedObjectPath [0x77417C24+228]
	RtlGetAppContainerNamedObjectPath [0x77417BF4+180]
">
      <![CDATA[cucumber.runtime.CucumberException: org.openqa.selenium.SessionNotCreatedException: session not created: This version of ChromeDriver only supports Chrome version 89
Current browser version is 88.0.4324.190 with binary path C:\Program Files (x86)\Google\Chrome\Application\chrome.exe
Build info: version: '3.8.1', revision: '6e95a6684b', time: '2017-12-01T18:33:54.468Z'
System info: host: 'LAPTOP-I6ANSG6L', ip: '192.168.42.41', os.name: 'Windows 10', os.arch: 'amd64', os.version: '10.0', java.version: '1.8.0_131'
Driver info: driver.version: SeleniumDriver
remote stacktrace: Backtrace:
	Ordinal0 [0x00FFE7D3+124883]
	Ordinal0 [0x00FFE7B1+124849]
	GetHandleVerifier [0x01248688+193832]
	GetHandleVerifier [0x01263AC5+305509]
	GetHandleVerifier [0x0126021B+291003]
	GetHandleVerifier [0x0125E0AC+282444]
	GetHandleVerifier [0x01284A90+440624]
	GetHandleVerifier [0x012847FC+439964]
	GetHandleVerifier [0x0128154B+426987]
	GetHandleVerifier [0x01264FFD+310941]
	GetHandleVerifier [0x01265D8E+314414]
	GetHandleVerifier [0x01265D19+314297]
	GetHandleVerifier [0x013231EC+1089676]
	GetHandleVerifier [0x013217C9+1082985]
	GetHandleVerifier [0x013213A3+1081923]
	GetHandleVerifier [0x0141D9FD+2115741]
	Ordinal0 [0x0114B82E+1488942]
	Ordinal0 [0x010E5A7D+1071741]
	Ordinal0 [0x010E559B+1070491]
	Ordinal0 [0x010E54B1+1070257]
	Ordinal0 [0x0111FF53+1310547]
	BaseThreadInitThunk [0x76346359+25]
	RtlGetAppContainerNamedObjectPath [0x77417C24+228]
	RtlGetAppContainerNamedObjectPath [0x77417BF4+180]

	at cucumber.api.testng.TestNGCucumberRunner.runCucumber(TestNGCucumberRunner.java:69)
	at cucumber.api.testng.AbstractTestNGCucumberTests.feature(AbstractTestNGCucumberTests.java:21)
Caused by: org.openqa.selenium.SessionNotCreatedException: session not created: This version of ChromeDriver only supports Chrome version 89
Current browser version is 88.0.4324.190 with binary path C:\Program Files (x86)\Google\Chrome\Application\chrome.exe
Build info: version: '3.8.1', revision: '6e95a6684b', time: '2017-12-01T18:33:54.468Z'
System info: host: 'LAPTOP-I6ANSG6L', ip: '192.168.42.41', os.name: 'Windows 10', os.arch: 'amd64', os.version: '10.0', java.version: '1.8.0_131'
Driver info: driver.version: SeleniumDriver
remote stacktrace: Backtrace:
	Ordinal0 [0x00FFE7D3+124883]
	Ordinal0 [0x00FFE7B1+124849]
	GetHandleVerifier [0x01248688+193832]
	GetHandleVerifier [0x01263AC5+305509]
	GetHandleVerifier [0x0126021B+291003]
	GetHandleVerifier [0x0125E0AC+282444]
	GetHandleVerifier [0x01284A90+440624]
	GetHandleVerifier [0x012847FC+439964]
	GetHandleVerifier [0x0128154B+426987]
	GetHandleVerifier [0x01264FFD+310941]
	GetHandleVerifier [0x01265D8E+314414]
	GetHandleVerifier [0x01265D19+314297]
	GetHandleVerifier [0x013231EC+1089676]
	GetHandleVerifier [0x013217C9+1082985]
	GetHandleVerifier [0x013213A3+1081923]
	GetHandleVerifier [0x0141D9FD+2115741]
	Ordinal0 [0x0114B82E+1488942]
	Ordinal0 [0x010E5A7D+1071741]
	Ordinal0 [0x010E559B+1070491]
	Ordinal0 [0x010E54B1+1070257]
	Ordinal0 [0x0111FF53+1310547]
	BaseThreadInitThunk [0x76346359+25]
	RtlGetAppContainerNamedObjectPath [0x77417C24+228]
	RtlGetAppContainerNamedObjectPath [0x77417BF4+180]

	at org.openqa.selenium.remote.W3CHandshakeResponse.lambda$new$0(W3CHandshakeResponse.java:57)
	at org.openqa.selenium.remote.W3CHandshakeResponse.lambda$getResponseFunction$2(W3CHandshakeResponse.java:104)
	at org.openqa.selenium.remote.ProtocolHandshake.lambda$createSession$0(ProtocolHandshake.java:123)
	at java.util.stream.ReferencePipeline$3$1.accept(ReferencePipeline.java:193)
	at java.util.Spliterators$ArraySpliterator.tryAdvance(Spliterators.java:958)
	at java.util.stream.ReferencePipeline.forEachWithCancel(ReferencePipeline.java:126)
	at java.util.stream.AbstractPipeline.copyIntoWithCancel(AbstractPipeline.java:498)
	at java.util.stream.AbstractPipeline.copyInto(AbstractPipeline.java:485)
	at java.util.stream.AbstractPipeline.wrapAndCopyInto(AbstractPipeline.java:471)
	at java.util.stream.FindOps$FindOp.evaluateSequential(FindOps.java:152)
	at java.util.stream.AbstractPipeline.evaluate(AbstractPipeline.java:234)
	at java.util.stream.ReferencePipeline.findFirst(ReferencePipeline.java:464)
	at org.openqa.selenium.remote.ProtocolHandshake.createSession(ProtocolHandshake.java:126)
	at org.openqa.selenium.remote.ProtocolHandshake.createSession(ProtocolHandshake.java:73)
	at org.openqa.selenium.remote.HttpCommandExecutor.execute(HttpCommandExecutor.java:142)
	at org.openqa.selenium.remote.service.DriverCommandExecutor.execute(DriverCommandExecutor.java:83)
	at org.openqa.selenium.remote.RemoteWebDriver.execute(RemoteWebDriver.java:601)
	at org.openqa.selenium.remote.RemoteWebDriver.startSession(RemoteWebDriver.java:219)
	at org.openqa.selenium.remote.RemoteWebDriver.<init>(RemoteWebDriver.java:142)
	at org.openqa.selenium.chrome.ChromeDriver.<init>(ChromeDriver.java:181)
	at org.openqa.selenium.chrome.ChromeDriver.<init>(ChromeDriver.java:168)
	at org.openqa.selenium.chrome.ChromeDriver.<init>(ChromeDriver.java:123)
	at utils.SeleniumDriver.<init>(SeleniumDriver.java:28)
	at utils.SeleniumDriver.setUpDriver(SeleniumDriver.java:51)
	at steps.BeforeActions.setUp(BeforeActions.java:15)
	at cucumber.runtime.Utils$1.call(Utils.java:37)
	at cucumber.runtime.Timeout.timeout(Timeout.java:13)
	at cucumber.runtime.Utils.invoke(Utils.java:31)
	at cucumber.runtime.java.JavaHookDefinition.execute(JavaHookDefinition.java:60)
	at cucumber.runtime.Runtime.runHookIfTagsMatch(Runtime.java:223)
	at cucumber.runtime.Runtime.runHooks(Runtime.java:211)
	at cucumber.runtime.Runtime.runBeforeHooks(Runtime.java:201)
	at cucumber.runtime.model.CucumberScenario.run(CucumberScenario.java:40)
	at cucumber.runtime.model.CucumberScenarioOutline.run(CucumberScenarioOutline.java:46)
	at cucumber.runtime.model.CucumberFeature.run(CucumberFeature.java:165)
	at cucumber.api.testng.TestNGCucumberRunner.runCucumber(TestNGCucumberRunner.java:63)
	... 25 more
... Removed 32 stack frames]]>
    </failure>
  </testcase> <!-- feature -->
</testsuite> <!-- Test -->
