<!DOCTYPE html PUBLIC "-//W3C//DTD XHTML 1.1//EN" "http://www.w3.org/TR/xhtml11/DTD/xhtml11.dtd">
<html xmlns="http://www.w3.org/1999/xhtml"><head><title>TestNG Report</title><style type="text/css">table {margin-bottom:10px;border-collapse:collapse;empty-cells:show}th,td {border:1px solid #009;padding:.25em .5em}th {vertical-align:bottom}td {vertical-align:top}table a {font-weight:bold}.stripe td {background-color: #E6EBF9}.num {text-align:right}.passedodd td {background-color: #3F3}.passedeven td {background-color: #0A0}.skippedodd td {background-color: #DDD}.skippedeven td {background-color: #CCC}.failedodd td,.attn {background-color: #F33}.failedeven td,.stripe .attn {background-color: #D00}.stacktrace {white-space:pre;font-family:monospace}.totop {font-size:85%;text-align:center;border-bottom:2px solid #000}</style></head><body><table><tr><th>Test</th><th># Passed</th><th># Skipped</th><th># Failed</th><th>Time (ms)</th><th>Included Groups</th><th>Excluded Groups</th></tr><tr><th colspan="7">Suite</th></tr><tr><td><a href="#t0">Test</a></td><td class="num">0</td><td class="num">0</td><td class="num attn">1</td><td class="num">14,635</td><td></td><td></td></tr></table><table><thead><tr><th>Class</th><th>Method</th><th>Start</th><th>Time (ms)</th></tr></thead><tbody><tr><th colspan="4">Suite</th></tr></tbody><tbody id="t0"><tr><th colspan="4">Test &#8212; failed</th></tr><tr class="failedeven"><td rowspan="1">runners.LoginTest</td><td><a href="#m0">feature</a></td><td rowspan="1">1614515467443</td><td rowspan="1">13475</td></tr></tbody></table><h2>Test</h2><h3 id="m0">runners.LoginTest#feature</h3><table class="result"><tr class="param"><th>Parameter #1</th></tr><tr class="param stripe"><td>Login Feature</td></tr><tr><th>Exception</th></tr><tr><td><div class="stacktrace">cucumber.runtime.CucumberException: org.openqa.selenium.SessionNotCreatedException: session not created: This version of ChromeDriver only supports Chrome version 89
Current browser version is 88.0.4324.190 with binary path C:\Program Files (x86)\Google\Chrome\Application\chrome.exe
Build info: version: &apos;3.8.1&apos;, revision: &apos;6e95a6684b&apos;, time: &apos;2017-12-01T18:33:54.468Z&apos;
System info: host: &apos;LAPTOP-I6ANSG6L&apos;, ip: &apos;192.168.42.41&apos;, os.name: &apos;Windows 10&apos;, os.arch: &apos;amd64&apos;, os.version: &apos;10.0&apos;, java.version: &apos;1.8.0_131&apos;
Driver info: driver.version: SeleniumDriver
remote stacktrace: Backtrace:
	Ordinal0 [0x00FFE7D3+124883]
	Ordinal0 [0x00FFE7B1+124849]
	GetHandleVerifier [0x01248688+193832]
	GetHandleVerifier [0x01263AC5+305509]
	GetHandleVerifier [0x0126021B+291003]
	GetHandleVerifier [0x0125E0AC+282444]
	GetHandleVerifier [0x01284A90+440624]
	GetHandleVerifier [0x012847FC+439964]
	GetHandleVerifier [0x0128154B+426987]
	GetHandleVerifier [0x01264FFD+310941]
	GetHandleVerifier [0x01265D8E+314414]
	GetHandleVerifier [0x01265D19+314297]
	GetHandleVerifier [0x013231EC+1089676]
	GetHandleVerifier [0x013217C9+1082985]
	GetHandleVerifier [0x013213A3+1081923]
	GetHandleVerifier [0x0141D9FD+2115741]
	Ordinal0 [0x0114B82E+1488942]
	Ordinal0 [0x010E5A7D+1071741]
	Ordinal0 [0x010E559B+1070491]
	Ordinal0 [0x010E54B1+1070257]
	Ordinal0 [0x0111FF53+1310547]
	BaseThreadInitThunk [0x76346359+25]
	RtlGetAppContainerNamedObjectPath [0x77417C24+228]
	RtlGetAppContainerNamedObjectPath [0x77417BF4+180]

	at cucumber.api.testng.TestNGCucumberRunner.runCucumber(TestNGCucumberRunner.java:69)
	at cucumber.api.testng.AbstractTestNGCucumberTests.feature(AbstractTestNGCucumberTests.java:21)
Caused by: org.openqa.selenium.SessionNotCreatedException: session not created: This version of ChromeDriver only supports Chrome version 89
Current browser version is 88.0.4324.190 with binary path C:\Program Files (x86)\Google\Chrome\Application\chrome.exe
Build info: version: &apos;3.8.1&apos;, revision: &apos;6e95a6684b&apos;, time: &apos;2017-12-01T18:33:54.468Z&apos;
System info: host: &apos;LAPTOP-I6ANSG6L&apos;, ip: &apos;192.168.42.41&apos;, os.name: &apos;Windows 10&apos;, os.arch: &apos;amd64&apos;, os.version: &apos;10.0&apos;, java.version: &apos;1.8.0_131&apos;
Driver info: driver.version: SeleniumDriver
remote stacktrace: Backtrace:
	Ordinal0 [0x00FFE7D3+124883]
	Ordinal0 [0x00FFE7B1+124849]
	GetHandleVerifier [0x01248688+193832]
	GetHandleVerifier [0x01263AC5+305509]
	GetHandleVerifier [0x0126021B+291003]
	GetHandleVerifier [0x0125E0AC+282444]
	GetHandleVerifier [0x01284A90+440624]
	GetHandleVerifier [0x012847FC+439964]
	GetHandleVerifier [0x0128154B+426987]
	GetHandleVerifier [0x01264FFD+310941]
	GetHandleVerifier [0x01265D8E+314414]
	GetHandleVerifier [0x01265D19+314297]
	GetHandleVerifier [0x013231EC+1089676]
	GetHandleVerifier [0x013217C9+1082985]
	GetHandleVerifier [0x013213A3+1081923]
	GetHandleVerifier [0x0141D9FD+2115741]
	Ordinal0 [0x0114B82E+1488942]
	Ordinal0 [0x010E5A7D+1071741]
	Ordinal0 [0x010E559B+1070491]
	Ordinal0 [0x010E54B1+1070257]
	Ordinal0 [0x0111FF53+1310547]
	BaseThreadInitThunk [0x76346359+25]
	RtlGetAppContainerNamedObjectPath [0x77417C24+228]
	RtlGetAppContainerNamedObjectPath [0x77417BF4+180]

	at org.openqa.selenium.remote.W3CHandshakeResponse.lambda$new$0(W3CHandshakeResponse.java:57)
	at org.openqa.selenium.remote.W3CHandshakeResponse.lambda$getResponseFunction$2(W3CHandshakeResponse.java:104)
	at org.openqa.selenium.remote.ProtocolHandshake.lambda$createSession$0(ProtocolHandshake.java:123)
	at java.util.stream.ReferencePipeline$3$1.accept(ReferencePipeline.java:193)
	at java.util.Spliterators$ArraySpliterator.tryAdvance(Spliterators.java:958)
	at java.util.stream.ReferencePipeline.forEachWithCancel(ReferencePipeline.java:126)
	at java.util.stream.AbstractPipeline.copyIntoWithCancel(AbstractPipeline.java:498)
	at java.util.stream.AbstractPipeline.copyInto(AbstractPipeline.java:485)
	at java.util.stream.AbstractPipeline.wrapAndCopyInto(AbstractPipeline.java:471)
	at java.util.stream.FindOps$FindOp.evaluateSequential(FindOps.java:152)
	at java.util.stream.AbstractPipeline.evaluate(AbstractPipeline.java:234)
	at java.util.stream.ReferencePipeline.findFirst(ReferencePipeline.java:464)
	at org.openqa.selenium.remote.ProtocolHandshake.createSession(ProtocolHandshake.java:126)
	at org.openqa.selenium.remote.ProtocolHandshake.createSession(ProtocolHandshake.java:73)
	at org.openqa.selenium.remote.HttpCommandExecutor.execute(HttpCommandExecutor.java:142)
	at org.openqa.selenium.remote.service.DriverCommandExecutor.execute(DriverCommandExecutor.java:83)
	at org.openqa.selenium.remote.RemoteWebDriver.execute(RemoteWebDriver.java:601)
	at org.openqa.selenium.remote.RemoteWebDriver.startSession(RemoteWebDriver.java:219)
	at org.openqa.selenium.remote.RemoteWebDriver.&lt;init&gt;(RemoteWebDriver.java:142)
	at org.openqa.selenium.chrome.ChromeDriver.&lt;init&gt;(ChromeDriver.java:181)
	at org.openqa.selenium.chrome.ChromeDriver.&lt;init&gt;(ChromeDriver.java:168)
	at org.openqa.selenium.chrome.ChromeDriver.&lt;init&gt;(ChromeDriver.java:123)
	at utils.SeleniumDriver.&lt;init&gt;(SeleniumDriver.java:28)
	at utils.SeleniumDriver.setUpDriver(SeleniumDriver.java:51)
	at steps.BeforeActions.setUp(BeforeActions.java:15)
	at cucumber.runtime.Utils$1.call(Utils.java:37)
	at cucumber.runtime.Timeout.timeout(Timeout.java:13)
	at cucumber.runtime.Utils.invoke(Utils.java:31)
	at cucumber.runtime.java.JavaHookDefinition.execute(JavaHookDefinition.java:60)
	at cucumber.runtime.Runtime.runHookIfTagsMatch(Runtime.java:223)
	at cucumber.runtime.Runtime.runHooks(Runtime.java:211)
	at cucumber.runtime.Runtime.runBeforeHooks(Runtime.java:201)
	at cucumber.runtime.model.CucumberScenario.run(CucumberScenario.java:40)
	at cucumber.runtime.model.CucumberScenarioOutline.run(CucumberScenarioOutline.java:46)
	at cucumber.runtime.model.CucumberFeature.run(CucumberFeature.java:165)
	at cucumber.api.testng.TestNGCucumberRunner.runCucumber(TestNGCucumberRunner.java:63)
	... 25 more
... Removed 32 stack frames</div></td></tr></table><p class="totop"><a href="#summary">back to summary</a></p></body></html>