<?xml version="1.0" encoding="UTF-8"?>
<testng-results skipped="0" failed="1" total="1" passed="0">
  <reporter-output>
  </reporter-output>
  <suite name="Suite" duration-ms="14635" started-at="2021-02-28T12:31:06Z" finished-at="2021-02-28T12:31:21Z">
    <groups>
      <group name="cucumber">
        <method signature="AbstractTestNGCucumberTests.feature(cucumber.api.testng.CucumberFeatureWrapper)[pri:0, instance:runners.LoginTest@2ed94a8b]" name="feature" class="cucumber.api.testng.AbstractTestNGCucumberTests"/>
      </group> <!-- cucumber -->
    </groups>
    <test name="Test" duration-ms="14635" started-at="2021-02-28T12:31:06Z" finished-at="2021-02-28T12:31:21Z">
      <class name="runners.LoginTest">
        <test-method status="PASS" signature="setUpClass()[pri:0, instance:runners.LoginTest@2ed94a8b]" name="setUpClass" is-config="true" duration-ms="510" started-at="2021-02-28T18:01:06Z" finished-at="2021-02-28T18:01:07Z">
          <reporter-output>
          </reporter-output>
        </test-method> <!-- setUpClass -->
        <test-method status="PASS" signature="setup()[pri:0, instance:runners.LoginTest@2ed94a8b]" name="setup" is-config="true" duration-ms="310" started-at="2021-02-28T18:01:07Z" finished-at="2021-02-28T18:01:07Z">
          <reporter-output>
          </reporter-output>
        </test-method> <!-- setup -->
        <test-method status="FAIL" signature="feature(cucumber.api.testng.CucumberFeatureWrapper)[pri:0, instance:runners.LoginTest@2ed94a8b]" name="feature" duration-ms="13475" started-at="2021-02-28T18:01:07Z" description="Runs Cucumber Feature" data-provider="features" finished-at="2021-02-28T18:01:20Z">
          <params>
            <param index="0">
              <value>
                <![CDATA[Login Feature]]>
              </value>
            </param>
          </params>
          <exception class="cucumber.runtime.CucumberException">
            <message>
              <![CDATA[org.openqa.selenium.SessionNotCreatedException: session not created: This version of ChromeDriver only supports Chrome version 89
Current browser version is 88.0.4324.190 with binary path C:\Program Files (x86)\Google\Chrome\Application\chrome.exe
Build info: version: '3.8.1', revision: '6e95a6684b', time: '2017-12-01T18:33:54.468Z'
System info: host: 'LAPTOP-I6ANSG6L', ip: '192.168.42.41', os.name: 'Windows 10', os.arch: 'amd64', os.version: '10.0', java.version: '1.8.0_131'
Driver info: driver.version: SeleniumDriver
remote stacktrace: Backtrace:
	Ordinal0 [0x00FFE7D3+124883]
	Ordinal0 [0x00FFE7B1+124849]
	GetHandleVerifier [0x01248688+193832]
	GetHandleVerifier [0x01263AC5+305509]
	GetHandleVerifier [0x0126021B+291003]
	GetHandleVerifier [0x0125E0AC+282444]
	GetHandleVerifier [0x01284A90+440624]
	GetHandleVerifier [0x012847FC+439964]
	GetHandleVerifier [0x0128154B+426987]
	GetHandleVerifier [0x01264FFD+310941]
	GetHandleVerifier [0x01265D8E+314414]
	GetHandleVerifier [0x01265D19+314297]
	GetHandleVerifier [0x013231EC+1089676]
	GetHandleVerifier [0x013217C9+1082985]
	GetHandleVerifier [0x013213A3+1081923]
	GetHandleVerifier [0x0141D9FD+2115741]
	Ordinal0 [0x0114B82E+1488942]
	Ordinal0 [0x010E5A7D+1071741]
	Ordinal0 [0x010E559B+1070491]
	Ordinal0 [0x010E54B1+1070257]
	Ordinal0 [0x0111FF53+1310547]
	BaseThreadInitThunk [0x76346359+25]
	RtlGetAppContainerNamedObjectPath [0x77417C24+228]
	RtlGetAppContainerNamedObjectPath [0x77417BF4+180]
]]>
            </message>
            <full-stacktrace>
              <![CDATA[cucumber.runtime.CucumberException: org.openqa.selenium.SessionNotCreatedException: session not created: This version of ChromeDriver only supports Chrome version 89
Current browser version is 88.0.4324.190 with binary path C:\Program Files (x86)\Google\Chrome\Application\chrome.exe
Build info: version: '3.8.1', revision: '6e95a6684b', time: '2017-12-01T18:33:54.468Z'
System info: host: 'LAPTOP-I6ANSG6L', ip: '192.168.42.41', os.name: 'Windows 10', os.arch: 'amd64', os.version: '10.0', java.version: '1.8.0_131'
Driver info: driver.version: SeleniumDriver
remote stacktrace: Backtrace:
	Ordinal0 [0x00FFE7D3+124883]
	Ordinal0 [0x00FFE7B1+124849]
	GetHandleVerifier [0x01248688+193832]
	GetHandleVerifier [0x01263AC5+305509]
	GetHandleVerifier [0x0126021B+291003]
	GetHandleVerifier [0x0125E0AC+282444]
	GetHandleVerifier [0x01284A90+440624]
	GetHandleVerifier [0x012847FC+439964]
	GetHandleVerifier [0x0128154B+426987]
	GetHandleVerifier [0x01264FFD+310941]
	GetHandleVerifier [0x01265D8E+314414]
	GetHandleVerifier [0x01265D19+314297]
	GetHandleVerifier [0x013231EC+1089676]
	GetHandleVerifier [0x013217C9+1082985]
	GetHandleVerifier [0x013213A3+1081923]
	GetHandleVerifier [0x0141D9FD+2115741]
	Ordinal0 [0x0114B82E+1488942]
	Ordinal0 [0x010E5A7D+1071741]
	Ordinal0 [0x010E559B+1070491]
	Ordinal0 [0x010E54B1+1070257]
	Ordinal0 [0x0111FF53+1310547]
	BaseThreadInitThunk [0x76346359+25]
	RtlGetAppContainerNamedObjectPath [0x77417C24+228]
	RtlGetAppContainerNamedObjectPath [0x77417BF4+180]

	at cucumber.api.testng.TestNGCucumberRunner.runCucumber(TestNGCucumberRunner.java:69)
	at cucumber.api.testng.AbstractTestNGCucumberTests.feature(AbstractTestNGCucumberTests.java:21)
	at sun.reflect.NativeMethodAccessorImpl.invoke0(Native Method)
	at sun.reflect.NativeMethodAccessorImpl.invoke(NativeMethodAccessorImpl.java:62)
	at sun.reflect.DelegatingMethodAccessorImpl.invoke(DelegatingMethodAccessorImpl.java:43)
	at java.lang.reflect.Method.invoke(Method.java:498)
	at org.testng.internal.MethodInvocationHelper.invokeMethod(MethodInvocationHelper.java:86)
	at org.testng.internal.Invoker.invokeMethod(Invoker.java:645)
	at org.testng.internal.Invoker.invokeTestMethod(Invoker.java:822)
	at org.testng.internal.Invoker.invokeTestMethods(Invoker.java:1130)
	at org.testng.internal.TestMethodWorker.invokeTestMethods(TestMethodWorker.java:129)
	at org.testng.internal.TestMethodWorker.run(TestMethodWorker.java:112)
	at org.testng.TestRunner.privateRun(TestRunner.java:782)
	at org.testng.TestRunner.run(TestRunner.java:632)
	at org.testng.SuiteRunner.runTest(SuiteRunner.java:366)
	at org.testng.SuiteRunner.runSequentially(SuiteRunner.java:361)
	at org.testng.SuiteRunner.privateRun(SuiteRunner.java:319)
	at org.testng.SuiteRunner.run(SuiteRunner.java:268)
	at org.testng.SuiteRunnerWorker.runSuite(SuiteRunnerWorker.java:52)
	at org.testng.SuiteRunnerWorker.run(SuiteRunnerWorker.java:86)
	at org.testng.TestNG.runSuitesSequentially(TestNG.java:1244)
	at org.testng.TestNG.runSuitesLocally(TestNG.java:1169)
	at org.testng.TestNG.run(TestNG.java:1064)
	at org.testng.remote.RemoteTestNG.run(RemoteTestNG.java:113)
	at org.testng.remote.RemoteTestNG.initAndRun(RemoteTestNG.java:206)
	at org.testng.remote.RemoteTestNG.main(RemoteTestNG.java:177)
Caused by: org.openqa.selenium.SessionNotCreatedException: session not created: This version of ChromeDriver only supports Chrome version 89
Current browser version is 88.0.4324.190 with binary path C:\Program Files (x86)\Google\Chrome\Application\chrome.exe
Build info: version: '3.8.1', revision: '6e95a6684b', time: '2017-12-01T18:33:54.468Z'
System info: host: 'LAPTOP-I6ANSG6L', ip: '192.168.42.41', os.name: 'Windows 10', os.arch: 'amd64', os.version: '10.0', java.version: '1.8.0_131'
Driver info: driver.version: SeleniumDriver
remote stacktrace: Backtrace:
	Ordinal0 [0x00FFE7D3+124883]
	Ordinal0 [0x00FFE7B1+124849]
	GetHandleVerifier [0x01248688+193832]
	GetHandleVerifier [0x01263AC5+305509]
	GetHandleVerifier [0x0126021B+291003]
	GetHandleVerifier [0x0125E0AC+282444]
	GetHandleVerifier [0x01284A90+440624]
	GetHandleVerifier [0x012847FC+439964]
	GetHandleVerifier [0x0128154B+426987]
	GetHandleVerifier [0x01264FFD+310941]
	GetHandleVerifier [0x01265D8E+314414]
	GetHandleVerifier [0x01265D19+314297]
	GetHandleVerifier [0x013231EC+1089676]
	GetHandleVerifier [0x013217C9+1082985]
	GetHandleVerifier [0x013213A3+1081923]
	GetHandleVerifier [0x0141D9FD+2115741]
	Ordinal0 [0x0114B82E+1488942]
	Ordinal0 [0x010E5A7D+1071741]
	Ordinal0 [0x010E559B+1070491]
	Ordinal0 [0x010E54B1+1070257]
	Ordinal0 [0x0111FF53+1310547]
	BaseThreadInitThunk [0x76346359+25]
	RtlGetAppContainerNamedObjectPath [0x77417C24+228]
	RtlGetAppContainerNamedObjectPath [0x77417BF4+180]

	at sun.reflect.NativeConstructorAccessorImpl.newInstance0(Native Method)
	at sun.reflect.NativeConstructorAccessorImpl.newInstance(NativeConstructorAccessorImpl.java:62)
	at sun.reflect.DelegatingConstructorAccessorImpl.newInstance(DelegatingConstructorAccessorImpl.java:45)
	at java.lang.reflect.Constructor.newInstance(Constructor.java:423)
	at org.openqa.selenium.remote.W3CHandshakeResponse.lambda$new$0(W3CHandshakeResponse.java:57)
	at org.openqa.selenium.remote.W3CHandshakeResponse.lambda$getResponseFunction$2(W3CHandshakeResponse.java:104)
	at org.openqa.selenium.remote.ProtocolHandshake.lambda$createSession$0(ProtocolHandshake.java:123)
	at java.util.stream.ReferencePipeline$3$1.accept(ReferencePipeline.java:193)
	at java.util.Spliterators$ArraySpliterator.tryAdvance(Spliterators.java:958)
	at java.util.stream.ReferencePipeline.forEachWithCancel(ReferencePipeline.java:126)
	at java.util.stream.AbstractPipeline.copyIntoWithCancel(AbstractPipeline.java:498)
	at java.util.stream.AbstractPipeline.copyInto(AbstractPipeline.java:485)
	at java.util.stream.AbstractPipeline.wrapAndCopyInto(AbstractPipeline.java:471)
	at java.util.stream.FindOps$FindOp.evaluateSequential(FindOps.java:152)
	at java.util.stream.AbstractPipeline.evaluate(AbstractPipeline.java:234)
	at java.util.stream.ReferencePipeline.findFirst(ReferencePipeline.java:464)
	at org.openqa.selenium.remote.ProtocolHandshake.createSession(ProtocolHandshake.java:126)
	at org.openqa.selenium.remote.ProtocolHandshake.createSession(ProtocolHandshake.java:73)
	at org.openqa.selenium.remote.HttpCommandExecutor.execute(HttpCommandExecutor.java:142)
	at org.openqa.selenium.remote.service.DriverCommandExecutor.execute(DriverCommandExecutor.java:83)
	at org.openqa.selenium.remote.RemoteWebDriver.execute(RemoteWebDriver.java:601)
	at org.openqa.selenium.remote.RemoteWebDriver.startSession(RemoteWebDriver.java:219)
	at org.openqa.selenium.remote.RemoteWebDriver.<init>(RemoteWebDriver.java:142)
	at org.openqa.selenium.chrome.ChromeDriver.<init>(ChromeDriver.java:181)
	at org.openqa.selenium.chrome.ChromeDriver.<init>(ChromeDriver.java:168)
	at org.openqa.selenium.chrome.ChromeDriver.<init>(ChromeDriver.java:123)
	at utils.SeleniumDriver.<init>(SeleniumDriver.java:28)
	at utils.SeleniumDriver.setUpDriver(SeleniumDriver.java:51)
	at steps.BeforeActions.setUp(BeforeActions.java:15)
	at sun.reflect.NativeMethodAccessorImpl.invoke0(Native Method)
	at sun.reflect.NativeMethodAccessorImpl.invoke(NativeMethodAccessorImpl.java:62)
	at sun.reflect.DelegatingMethodAccessorImpl.invoke(DelegatingMethodAccessorImpl.java:43)
	at java.lang.reflect.Method.invoke(Method.java:498)
	at cucumber.runtime.Utils$1.call(Utils.java:37)
	at cucumber.runtime.Timeout.timeout(Timeout.java:13)
	at cucumber.runtime.Utils.invoke(Utils.java:31)
	at cucumber.runtime.java.JavaHookDefinition.execute(JavaHookDefinition.java:60)
	at cucumber.runtime.Runtime.runHookIfTagsMatch(Runtime.java:223)
	at cucumber.runtime.Runtime.runHooks(Runtime.java:211)
	at cucumber.runtime.Runtime.runBeforeHooks(Runtime.java:201)
	at cucumber.runtime.model.CucumberScenario.run(CucumberScenario.java:40)
	at cucumber.runtime.model.CucumberScenarioOutline.run(CucumberScenarioOutline.java:46)
	at cucumber.runtime.model.CucumberFeature.run(CucumberFeature.java:165)
	at cucumber.api.testng.TestNGCucumberRunner.runCucumber(TestNGCucumberRunner.java:63)
	... 25 more
]]>
            </full-stacktrace>
          </exception> <!-- cucumber.runtime.CucumberException -->
          <reporter-output>
          </reporter-output>
        </test-method> <!-- feature -->
        <test-method status="PASS" signature="tearDownClass()[pri:0, instance:runners.LoginTest@2ed94a8b]" name="tearDownClass" is-config="true" duration-ms="159" started-at="2021-02-28T18:01:20Z" finished-at="2021-02-28T18:01:21Z">
          <reporter-output>
          </reporter-output>
        </test-method> <!-- tearDownClass -->
      </class> <!-- runners.LoginTest -->
    </test> <!-- Test -->
  </suite> <!-- Suite -->
</testng-results>
